Using pre-set license
Built from '2020.3/staging' branch; Version is '2020.3.16f1 (049d6eca3c44) revision 302446'; Using compiler version '192528614'; Build Type 'Release'
OS: 'Windows 10 Home; OS build 19042.1288; Version 2009; 64bit' Language: 'en' Physical Memory: 16241 MB
BatchMode: 1, IsHumanControllingUs: 0, StartBugReporterOnCrash: 0, Is64bit: 1, IsPro: 0

 COMMAND LINE ARGUMENTS:
C:\Program Files\Unity\Hub\Editor\2020.3.16f1\Editor\Unity.exe
-adb2
-batchMode
-noUpm
-name
AssetImportWorker0
-projectPath
C:/Users/imdam/Desktop/ContentConjosV1/ContentConjosV1/ContentConjos game
-logFile
Logs/AssetImportWorker0.log
-srvPort
62705
Successfully changed project path to: C:/Users/imdam/Desktop/ContentConjosV1/ContentConjosV1/ContentConjos game
C:/Users/imdam/Desktop/ContentConjosV1/ContentConjosV1/ContentConjos game
Using Asset Import Pipeline V2.
Refreshing native plugins compatible for Editor in 45.09 ms, found 3 plugins.
Preloading 0 native plugins for Editor in 0.00 ms.
Initialize engine version: 2020.3.16f1 (049d6eca3c44)
[Subsystems] Discovering subsystems at path C:/Program Files/Unity/Hub/Editor/2020.3.16f1/Editor/Data/Resources/UnitySubsystems
[Subsystems] Discovering subsystems at path C:/Users/imdam/Desktop/ContentConjosV1/ContentConjosV1/ContentConjos game/Assets
GfxDevice: creating device client; threaded=0
Direct3D:
    Version:  Direct3D 11.0 [level 11.1]
    Renderer: NVIDIA GeForce RTX 2060 (ID=0x1f11)
    Vendor:   
    VRAM:     5980 MB
    Driver:   30.0.14.9649
Initialize mono
Mono path[0] = 'C:/Program Files/Unity/Hub/Editor/2020.3.16f1/Editor/Data/Managed'
Mono path[1] = 'C:/Program Files/Unity/Hub/Editor/2020.3.16f1/Editor/Data/MonoBleedingEdge/lib/mono/unityjit'
Mono config path = 'C:/Program Files/Unity/Hub/Editor/2020.3.16f1/Editor/Data/MonoBleedingEdge/etc'
Using monoOptions --debugger-agent=transport=dt_socket,embedding=1,server=y,suspend=n,address=127.0.0.1:56716
Begin MonoManager ReloadAssembly
Registering precompiled unity dll's ...
Register platform support module: C:/Program Files/Unity/Hub/Editor/2020.3.16f1/Editor/Data/PlaybackEngines/WebGLSupport/UnityEditor.WebGL.Extensions.dll
Register platform support module: C:/Program Files/Unity/Hub/Editor/2020.3.16f1/Editor/Data/PlaybackEngines/MacStandaloneSupport/UnityEditor.OSXStandalone.Extensions.dll
Register platform support module: C:/Program Files/Unity/Hub/Editor/2020.3.16f1/Editor/Data/PlaybackEngines/WindowsStandaloneSupport/UnityEditor.WindowsStandalone.Extensions.dll
Register platform support module: C:/Program Files/Unity/Hub/Editor/2020.3.16f1/Editor/Data/PlaybackEngines/LinuxStandaloneSupport/UnityEditor.LinuxStandalone.Extensions.dll
Registered in 0.008220 seconds.
Native extension for LinuxStandalone target not found
Native extension for WindowsStandalone target not found
Native extension for OSXStandalone target not found
Native extension for WebGL target not found
Refreshing native plugins compatible for Editor in 43.05 ms, found 3 plugins.
Preloading 0 native plugins for Editor in 0.00 ms.
Mono: successfully reloaded assembly
- Completed reload, in  3.015 seconds
Domain Reload Profiling:
	ReloadAssembly (3015ms)
		BeginReloadAssembly (136ms)
			ExecutionOrderSort (0ms)
			DisableScriptedObjects (0ms)
			BackupInstance (0ms)
			ReleaseScriptingObjects (0ms)
			CreateAndSetChildDomain (2ms)
		EndReloadAssembly (500ms)
			LoadAssemblies (133ms)
			RebuildTransferFunctionScriptingTraits (2ms)
			SetupTypeCache (177ms)
			ReleaseScriptCaches (0ms)
			RebuildScriptCaches (30ms)
			SetupLoadedEditorAssemblies (192ms)
				LogAssemblyErrors (0ms)
				InitializePlatformSupportModulesInManaged (9ms)
				SetLoadedEditorAssemblies (0ms)
				RefreshPlugins (43ms)
				BeforeProcessingInitializeOnLoad (16ms)
				ProcessInitializeOnLoadAttributes (93ms)
				ProcessInitializeOnLoadMethodAttributes (31ms)
				AfterProcessingInitializeOnLoad (0ms)
				EditorAssembliesLoaded (0ms)
			ExecutionOrderSort2 (0ms)
			AwakeInstancesAfterBackupRestoration (0ms)
Platform modules already initialized, skipping
Registering precompiled user dll's ...
Registered in 0.016068 seconds.
Begin MonoManager ReloadAssembly
Native extension for LinuxStandalone target not found
Native extension for WindowsStandalone target not found
Native extension for OSXStandalone target not found
Native extension for WebGL target not found
Refreshing native plugins compatible for Editor in 43.35 ms, found 3 plugins.
Preloading 0 native plugins for Editor in 0.00 ms.
Mono: successfully reloaded assembly
- Completed reload, in  1.332 seconds
Domain Reload Profiling:
	ReloadAssembly (1334ms)
		BeginReloadAssembly (151ms)
			ExecutionOrderSort (0ms)
			DisableScriptedObjects (4ms)
			BackupInstance (0ms)
			ReleaseScriptingObjects (0ms)
			CreateAndSetChildDomain (19ms)
		EndReloadAssembly (1114ms)
			LoadAssemblies (148ms)
			RebuildTransferFunctionScriptingTraits (0ms)
			SetupTypeCache (331ms)
			ReleaseScriptCaches (0ms)
			RebuildScriptCaches (49ms)
			SetupLoadedEditorAssemblies (467ms)
				LogAssemblyErrors (0ms)
				InitializePlatformSupportModulesInManaged (7ms)
				SetLoadedEditorAssemblies (0ms)
				RefreshPlugins (43ms)
				BeforeProcessingInitializeOnLoad (83ms)
				ProcessInitializeOnLoadAttributes (311ms)
				ProcessInitializeOnLoadMethodAttributes (14ms)
				AfterProcessingInitializeOnLoad (9ms)
				EditorAssembliesLoaded (0ms)
			ExecutionOrderSort2 (0ms)
			AwakeInstancesAfterBackupRestoration (6ms)
Platform modules already initialized, skipping
========================================================================
Worker process is ready to serve import requests
Launched and connected shader compiler UnityShaderCompiler.exe after 0.06 seconds
Refreshing native plugins compatible for Editor in 0.64 ms, found 3 plugins.
Preloading 0 native plugins for Editor in 0.00 ms.
Unloading 2302 Unused Serialized files (Serialized files now loaded: 0)
System memory in use before: 102.2 MB.
System memory in use after: 102.4 MB.

Unloading 29 unused Assets to reduce memory usage. Loaded Objects now: 2742.
Total: 3.264500 ms (FindLiveObjects: 0.242100 ms CreateObjectMapping: 0.112400 ms MarkObjects: 2.840000 ms  DeleteObjects: 0.069100 ms)

AssetImportParameters requested are different than current active one (requested -> active):
  custom:framework-win-MediaFoundation: 216162199b28c13a410421893ffa2e32 -> 
  custom:video-decoder-ogg-theora: a1e56fd34408186e4bbccfd4996cb3dc -> 
  custom:container-muxer-webm: aa71ff27fc2769a1b78a27578f13a17b -> 
  custom:container-demuxer-webm: 4f35f7cbe854078d1ac9338744f61a02 -> 
  custom:container-demuxer-ogg: 62fdf1f143b41e24485cea50d1cbac27 -> 
  custom:video-encoder-webm-vp8: eb34c28f22e8b96e1ab97ce403110664 -> 
  custom:video-decoder-webm-vp8: 9c59270c3fd7afecdb556c50c9e8de78 -> 
  custom:audio-decoder-ogg-vorbis: bf7c407c2cedff20999df2af8eb42d56 -> 
  custom:audio-encoder-webm-vorbis: bf7c407c2cedff20999df2af8eb42d56 -> 
========================================================================
Received Import Request.
  path: Assets/Scripts/DroneMinigame/New Project.png
  artifactKey: Guid(725b61fdfe92cee448e058ece7801cba) Importer(815301076,1909f56bfc062723c751e8b465ee728b)
Start importing Assets/Scripts/DroneMinigame/New Project.png using Guid(725b61fdfe92cee448e058ece7801cba) Importer(815301076,1909f56bfc062723c751e8b465ee728b)  -> (artifact id: '4fa1449ebde6704fed9f1288c4d28610') in 0.150039 seconds 
  Import took 0.153480 seconds .

========================================================================
Received Import Request.
  Time since last request: 514.621463 seconds.
  path: Assets/Scripts/DroneMinigame/New Project (1).png
  artifactKey: Guid(791a4e1e7aba7774183ef2a9c5fee95b) Importer(815301076,1909f56bfc062723c751e8b465ee728b)
Start importing Assets/Scripts/DroneMinigame/New Project (1).png using Guid(791a4e1e7aba7774183ef2a9c5fee95b) Importer(815301076,1909f56bfc062723c751e8b465ee728b)  -> (artifact id: '084ff8e52c4d2393780721ee8c04a0b3') in 0.017259 seconds 
  Import took 0.022245 seconds .

========================================================================
Received Import Request.
  Time since last request: 0.000930 seconds.
  path: Assets/Scripts/DroneMinigame/New Project (1).png
  artifactKey: Guid(791a4e1e7aba7774183ef2a9c5fee95b) Importer(815301076,1909f56bfc062723c751e8b465ee728b)
Start importing Assets/Scripts/DroneMinigame/New Project (1).png using Guid(791a4e1e7aba7774183ef2a9c5fee95b) Importer(815301076,1909f56bfc062723c751e8b465ee728b)  -> (artifact id: '084ff8e52c4d2393780721ee8c04a0b3') in 0.014008 seconds 
  Import took 0.019276 seconds .

========================================================================
Received Import Request.
  Time since last request: 168.134812 seconds.
  path: Assets/Scripts/DroneMinigame/New Palette.prefab
  artifactKey: Guid(0013f7d702754964488c106ffed200d6) Importer(815301076,1909f56bfc062723c751e8b465ee728b)
Start importing Assets/Scripts/DroneMinigame/New Palette.prefab using Guid(0013f7d702754964488c106ffed200d6) Importer(815301076,1909f56bfc062723c751e8b465ee728b)  -> (artifact id: '036078590f01cd1b54680c6a57e623c8') in 0.041604 seconds 
  Import took 0.045990 seconds .

========================================================================
Received Import Request.
  Time since last request: 146.836706 seconds.
  path: Assets/Scripts/DroneMinigame/New Palette.prefab
  artifactKey: Guid(0013f7d702754964488c106ffed200d6) Importer(815301076,1909f56bfc062723c751e8b465ee728b)
Start importing Assets/Scripts/DroneMinigame/New Palette.prefab using Guid(0013f7d702754964488c106ffed200d6) Importer(815301076,1909f56bfc062723c751e8b465ee728b)  -> (artifact id: '5c9d40e974f739088d6d677fab926cf1') in 0.016722 seconds 
  Import took 0.020688 seconds .

========================================================================
Received Import Request.
  Time since last request: 0.000426 seconds.
  path: Assets/Scripts/DroneMinigame/New Project (1).asset
  artifactKey: Guid(f2180e8afd6d4c245b8f0f9243a280b0) Importer(815301076,1909f56bfc062723c751e8b465ee728b)
Start importing Assets/Scripts/DroneMinigame/New Project (1).asset using Guid(f2180e8afd6d4c245b8f0f9243a280b0) Importer(815301076,1909f56bfc062723c751e8b465ee728b)  -> (artifact id: 'dbf54827d58b3d04ae5e99fcb29913a1') in 0.019581 seconds 
  Import took 0.023034 seconds .

========================================================================
Received Import Request.
  Time since last request: 84.507474 seconds.
  path: Assets/Scripts/DroneMinigame/New Project (1).png
  artifactKey: Guid(791a4e1e7aba7774183ef2a9c5fee95b) Importer(815301076,1909f56bfc062723c751e8b465ee728b)
Start importing Assets/Scripts/DroneMinigame/New Project (1).png using Guid(791a4e1e7aba7774183ef2a9c5fee95b) Importer(815301076,1909f56bfc062723c751e8b465ee728b)  -> (artifact id: '27a3d09e79187115b57529783b4ec2b9') in 0.011553 seconds 
  Import took 0.015409 seconds .

========================================================================
Received Import Request.
  Time since last request: 4.126627 seconds.
  path: Assets/Scripts/DroneMinigame/GameManager.cs
  artifactKey: Guid(cab912bd1af7db1489284f2c828e97ab) Importer(815301076,1909f56bfc062723c751e8b465ee728b)
Start importing Assets/Scripts/DroneMinigame/GameManager.cs using Guid(cab912bd1af7db1489284f2c828e97ab) Importer(815301076,1909f56bfc062723c751e8b465ee728b)  -> (artifact id: '25ab879599a567403185c45d0ea5c886') in 0.012069 seconds 
  Import took 0.015966 seconds .

========================================================================
Received Import Request.
  Time since last request: 224.044504 seconds.
  path: Assets/Scripts/DroneMinigame/New Project (1).png
  artifactKey: Guid(791a4e1e7aba7774183ef2a9c5fee95b) Importer(815301076,1909f56bfc062723c751e8b465ee728b)
Start importing Assets/Scripts/DroneMinigame/New Project (1).png using Guid(791a4e1e7aba7774183ef2a9c5fee95b) Importer(815301076,1909f56bfc062723c751e8b465ee728b)  -> (artifact id: 'a5df97f52e14ea1a33dbb014524d8676') in 0.018299 seconds 
  Import took 0.022843 seconds .

========================================================================
Received Import Request.
  Time since last request: 32.807071 seconds.
  path: Assets/Scripts/DroneMinigame/New Palette.prefab
  artifactKey: Guid(0013f7d702754964488c106ffed200d6) Importer(815301076,1909f56bfc062723c751e8b465ee728b)
Start importing Assets/Scripts/DroneMinigame/New Palette.prefab using Guid(0013f7d702754964488c106ffed200d6) Importer(815301076,1909f56bfc062723c751e8b465ee728b)  -> (artifact id: 'cad5f08e64d0a69d28187ca071a8e32d') in 0.012128 seconds 
  Import took 0.016507 seconds .

========================================================================
Received Import Request.
  Time since last request: 1351.572862 seconds.
  path: Assets/Sprites/conceptontwikkeling.png
  artifactKey: Guid(4cee484a04d423a4eaf4ca8763be1f14) Importer(815301076,1909f56bfc062723c751e8b465ee728b)
Start importing Assets/Sprites/conceptontwikkeling.png using Guid(4cee484a04d423a4eaf4ca8763be1f14) Importer(815301076,1909f56bfc062723c751e8b465ee728b)  -> (artifact id: '5cc5ce5fea62190a8fa1c1a67b08934e') in 0.031698 seconds 
  Import took 0.035836 seconds .

========================================================================
Received Import Request.
  Time since last request: 0.000475 seconds.
  path: Assets/Sprites/textsprite.png
  artifactKey: Guid(3e9c301a9a341454b93ae5e2715f42b6) Importer(815301076,1909f56bfc062723c751e8b465ee728b)
Start importing Assets/Sprites/textsprite.png using Guid(3e9c301a9a341454b93ae5e2715f42b6) Importer(815301076,1909f56bfc062723c751e8b465ee728b)  -> (artifact id: 'a7197168f6f1d8034e76f9d0a1df28c4') in 0.025308 seconds 
  Import took 0.028671 seconds .

========================================================================
Received Import Request.
  Time since last request: 0.000383 seconds.
  path: Assets/Sprites/THE CONTENT CONJOS QUEST - DANIEL (3).png
  artifactKey: Guid(219b391ae15e0d944a444e308938479a) Importer(815301076,1909f56bfc062723c751e8b465ee728b)
Start importing Assets/Sprites/THE CONTENT CONJOS QUEST - DANIEL (3).png using Guid(219b391ae15e0d944a444e308938479a) Importer(815301076,1909f56bfc062723c751e8b465ee728b)  -> (artifact id: '6d33834dd2a24c60b0eaa2b6a9a0b9bb') in 0.019016 seconds 
  Import took 0.022851 seconds .

========================================================================
Received Import Request.
  Time since last request: 0.000400 seconds.
  path: Assets/Sprites/RoundedRectange.png
  artifactKey: Guid(25872f5438736624eb3abe4c766a0805) Importer(815301076,1909f56bfc062723c751e8b465ee728b)
Start importing Assets/Sprites/RoundedRectange.png using Guid(25872f5438736624eb3abe4c766a0805) Importer(815301076,1909f56bfc062723c751e8b465ee728b)  -> (artifact id: '125ab5f2af72edee0cc5d4ef8b75e2ca') in 0.015718 seconds 
  Import took 0.019599 seconds .

========================================================================
Received Import Request.
  Time since last request: 0.000419 seconds.
  path: Assets/Sprites/THE CONTENT CONJOS QUEST - DANIEL (2).png
  artifactKey: Guid(6f2ac3c673d4a7842a3703bfb4815073) Importer(815301076,1909f56bfc062723c751e8b465ee728b)
Start importing Assets/Sprites/THE CONTENT CONJOS QUEST - DANIEL (2).png using Guid(6f2ac3c673d4a7842a3703bfb4815073) Importer(815301076,1909f56bfc062723c751e8b465ee728b)  -> (artifact id: '44f17939c63d8496c3837d6f7c8d2bda') in 0.015232 seconds 
  Import took 0.019156 seconds .

========================================================================
Received Prepare
Registering precompiled user dll's ...
Registered in 0.005213 seconds.
Begin MonoManager ReloadAssembly
Native extension for LinuxStandalone target not found
Native extension for WindowsStandalone target not found
Native extension for OSXStandalone target not found
Native extension for WebGL target not found
Refreshing native plugins compatible for Editor in 0.47 ms, found 3 plugins.
Preloading 0 native plugins for Editor in 0.00 ms.
Mono: successfully reloaded assembly
- Completed reload, in  1.143 seconds
Domain Reload Profiling:
	ReloadAssembly (1143ms)
		BeginReloadAssembly (140ms)
			ExecutionOrderSort (0ms)
			DisableScriptedObjects (6ms)
			BackupInstance (0ms)
			ReleaseScriptingObjects (0ms)
			CreateAndSetChildDomain (53ms)
		EndReloadAssembly (939ms)
			LoadAssemblies (94ms)
			RebuildTransferFunctionScriptingTraits (0ms)
			SetupTypeCache (325ms)
			ReleaseScriptCaches (1ms)
			RebuildScriptCaches (43ms)
			SetupLoadedEditorAssemblies (369ms)
				LogAssemblyErrors (0ms)
				InitializePlatformSupportModulesInManaged (8ms)
				SetLoadedEditorAssemblies (0ms)
				RefreshPlugins (1ms)
				BeforeProcessingInitializeOnLoad (94ms)
				ProcessInitializeOnLoadAttributes (252ms)
				ProcessInitializeOnLoadMethodAttributes (5ms)
				AfterProcessingInitializeOnLoad (9ms)
				EditorAssembliesLoaded (0ms)
			ExecutionOrderSort2 (0ms)
			AwakeInstancesAfterBackupRestoration (10ms)
Platform modules already initialized, skipping
Refreshing native plugins compatible for Editor in 0.52 ms, found 3 plugins.
Preloading 0 native plugins for Editor in 0.00 ms.
Unloading 2277 Unused Serialized files (Serialized files now loaded: 0)
System memory in use before: 103.4 MB.
System memory in use after: 103.6 MB.

Unloading 17 unused Assets to reduce memory usage. Loaded Objects now: 2769.
Total: 2.911900 ms (FindLiveObjects: 0.202300 ms CreateObjectMapping: 0.083100 ms MarkObjects: 2.607500 ms  DeleteObjects: 0.017900 ms)

AssetImportParameters requested are different than current active one (requested -> active):
  custom:framework-win-MediaFoundation: 216162199b28c13a410421893ffa2e32 -> 
  custom:video-decoder-ogg-theora: a1e56fd34408186e4bbccfd4996cb3dc -> 
  custom:container-muxer-webm: aa71ff27fc2769a1b78a27578f13a17b -> 
  custom:container-demuxer-webm: 4f35f7cbe854078d1ac9338744f61a02 -> 
  custom:container-demuxer-ogg: 62fdf1f143b41e24485cea50d1cbac27 -> 
  custom:video-encoder-webm-vp8: eb34c28f22e8b96e1ab97ce403110664 -> 
  custom:video-decoder-webm-vp8: 9c59270c3fd7afecdb556c50c9e8de78 -> 
  custom:audio-decoder-ogg-vorbis: bf7c407c2cedff20999df2af8eb42d56 -> 
  custom:audio-encoder-webm-vorbis: bf7c407c2cedff20999df2af8eb42d56 -> 
========================================================================
Received Prepare
Registering precompiled user dll's ...
Registered in 0.012663 seconds.
Begin MonoManager ReloadAssembly
Native extension for LinuxStandalone target not found
Native extension for WindowsStandalone target not found
Native extension for OSXStandalone target not found
Native extension for WebGL target not found
Refreshing native plugins compatible for Editor in 0.50 ms, found 3 plugins.
Preloading 0 native plugins for Editor in 0.00 ms.
Mono: successfully reloaded assembly
- Completed reload, in  1.076 seconds
Domain Reload Profiling:
	ReloadAssembly (1077ms)
		BeginReloadAssembly (112ms)
			ExecutionOrderSort (0ms)
			DisableScriptedObjects (6ms)
			BackupInstance (0ms)
			ReleaseScriptingObjects (0ms)
			CreateAndSetChildDomain (31ms)
		EndReloadAssembly (902ms)
			LoadAssemblies (91ms)
			RebuildTransferFunctionScriptingTraits (0ms)
			SetupTypeCache (301ms)
			ReleaseScriptCaches (1ms)
			RebuildScriptCaches (48ms)
			SetupLoadedEditorAssemblies (364ms)
				LogAssemblyErrors (0ms)
				InitializePlatformSupportModulesInManaged (8ms)
				SetLoadedEditorAssemblies (0ms)
				RefreshPlugins (1ms)
				BeforeProcessingInitializeOnLoad (94ms)
				ProcessInitializeOnLoadAttributes (248ms)
				ProcessInitializeOnLoadMethodAttributes (5ms)
				AfterProcessingInitializeOnLoad (9ms)
				EditorAssembliesLoaded (0ms)
			ExecutionOrderSort2 (0ms)
			AwakeInstancesAfterBackupRestoration (10ms)
Platform modules already initialized, skipping
Refreshing native plugins compatible for Editor in 0.45 ms, found 3 plugins.
Preloading 0 native plugins for Editor in 0.00 ms.
Unloading 2277 Unused Serialized files (Serialized files now loaded: 0)
System memory in use before: 103.4 MB.
System memory in use after: 103.7 MB.

Unloading 17 unused Assets to reduce memory usage. Loaded Objects now: 2772.
Total: 3.246300 ms (FindLiveObjects: 0.223100 ms CreateObjectMapping: 0.085600 ms MarkObjects: 2.919400 ms  DeleteObjects: 0.017300 ms)

AssetImportParameters requested are different than current active one (requested -> active):
  custom:framework-win-MediaFoundation: 216162199b28c13a410421893ffa2e32 -> 
  custom:video-decoder-ogg-theora: a1e56fd34408186e4bbccfd4996cb3dc -> 
  custom:container-muxer-webm: aa71ff27fc2769a1b78a27578f13a17b -> 
  custom:container-demuxer-webm: 4f35f7cbe854078d1ac9338744f61a02 -> 
  custom:container-demuxer-ogg: 62fdf1f143b41e24485cea50d1cbac27 -> 
  custom:video-encoder-webm-vp8: eb34c28f22e8b96e1ab97ce403110664 -> 
  custom:video-decoder-webm-vp8: 9c59270c3fd7afecdb556c50c9e8de78 -> 
  custom:audio-decoder-ogg-vorbis: bf7c407c2cedff20999df2af8eb42d56 -> 
  custom:audio-encoder-webm-vorbis: bf7c407c2cedff20999df2af8eb42d56 -> 
========================================================================
Received Import Request.
  Time since last request: 581.789693 seconds.
  path: Assets/Sprites/ground.png
  artifactKey: Guid(72639c7f1d4e3e648b77c01b8cd4f0ff) Importer(815301076,1909f56bfc062723c751e8b465ee728b)
Start importing Assets/Sprites/ground.png using Guid(72639c7f1d4e3e648b77c01b8cd4f0ff) Importer(815301076,1909f56bfc062723c751e8b465ee728b)  -> (artifact id: '99fbbc256449d0bba3cd8f48fc7b2ec3') in 0.059456 seconds 
  Import took 0.063647 seconds .

========================================================================
Received Import Request.
  Time since last request: 9.439428 seconds.
  path: Assets/Sprites/ground.asset
  artifactKey: Guid(cc306d2d67b2fce4a8ed5406a212f18c) Importer(815301076,1909f56bfc062723c751e8b465ee728b)
Start importing Assets/Sprites/ground.asset using Guid(cc306d2d67b2fce4a8ed5406a212f18c) Importer(815301076,1909f56bfc062723c751e8b465ee728b)  -> (artifact id: '02f4d91aa2c7c7bd2332fe6ab2570676') in 0.018196 seconds 
  Import took 0.021851 seconds .

========================================================================
Received Import Request.
  Time since last request: 0.000342 seconds.
  path: Assets/Sprites/New Palette.prefab
  artifactKey: Guid(0013f7d702754964488c106ffed200d6) Importer(815301076,1909f56bfc062723c751e8b465ee728b)
Start importing Assets/Sprites/New Palette.prefab using Guid(0013f7d702754964488c106ffed200d6) Importer(815301076,1909f56bfc062723c751e8b465ee728b)  -> (artifact id: 'f6dd7533639b088babb1466ccbe3cf3a') in 0.031390 seconds 
  Import took 0.034883 seconds .

========================================================================
Received Import Request.
  Time since last request: 9.997362 seconds.
  path: Assets/Sprites/ground.png
  artifactKey: Guid(72639c7f1d4e3e648b77c01b8cd4f0ff) Importer(815301076,1909f56bfc062723c751e8b465ee728b)
Start importing Assets/Sprites/ground.png using Guid(72639c7f1d4e3e648b77c01b8cd4f0ff) Importer(815301076,1909f56bfc062723c751e8b465ee728b)  -> (artifact id: '8e9b1e0ebdf99dafca2171ec9bf90d81') in 0.013353 seconds 
  Import took 0.017233 seconds .

========================================================================
Received Import Request.
  Time since last request: 138.993322 seconds.
  path: Assets/Prefabs/download (1).png
  artifactKey: Guid(f731fde94fb4a634bb45866df15d6b40) Importer(815301076,1909f56bfc062723c751e8b465ee728b)
Start importing Assets/Prefabs/download (1).png using Guid(f731fde94fb4a634bb45866df15d6b40) Importer(815301076,1909f56bfc062723c751e8b465ee728b)  -> (artifact id: '822c12b790ac98f9dccefa13ceca78d9') in 0.019330 seconds 
  Import took 0.023353 seconds .

========================================================================
Received Prepare
Registering precompiled user dll's ...
Registered in 0.005720 seconds.
Begin MonoManager ReloadAssembly
Native extension for LinuxStandalone target not found
Native extension for WindowsStandalone target not found
Native extension for OSXStandalone target not found
Native extension for WebGL target not found
Refreshing native plugins compatible for Editor in 0.48 ms, found 3 plugins.
Preloading 0 native plugins for Editor in 0.00 ms.
Mono: successfully reloaded assembly
- Completed reload, in  1.071 seconds
Domain Reload Profiling:
	ReloadAssembly (1072ms)
		BeginReloadAssembly (109ms)
			ExecutionOrderSort (0ms)
			DisableScriptedObjects (6ms)
			BackupInstance (0ms)
			ReleaseScriptingObjects (0ms)
			CreateAndSetChildDomain (34ms)
		EndReloadAssembly (896ms)
			LoadAssemblies (94ms)
			RebuildTransferFunctionScriptingTraits (0ms)
			SetupTypeCache (288ms)
			ReleaseScriptCaches (1ms)
			RebuildScriptCaches (43ms)
			SetupLoadedEditorAssemblies (371ms)
				LogAssemblyErrors (0ms)
				InitializePlatformSupportModulesInManaged (8ms)
				SetLoadedEditorAssemblies (0ms)
				RefreshPlugins (1ms)
				BeforeProcessingInitializeOnLoad (100ms)
				ProcessInitializeOnLoadAttributes (249ms)
				ProcessInitializeOnLoadMethodAttributes (5ms)
				AfterProcessingInitializeOnLoad (9ms)
				EditorAssembliesLoaded (0ms)
			ExecutionOrderSort2 (0ms)
			AwakeInstancesAfterBackupRestoration (10ms)
Platform modules already initialized, skipping
Refreshing native plugins compatible for Editor in 0.50 ms, found 3 plugins.
Preloading 0 native plugins for Editor in 0.00 ms.
Unloading 2277 Unused Serialized files (Serialized files now loaded: 0)
System memory in use before: 103.5 MB.
System memory in use after: 103.7 MB.

Unloading 17 unused Assets to reduce memory usage. Loaded Objects now: 2779.
Total: 3.175500 ms (FindLiveObjects: 0.225200 ms CreateObjectMapping: 0.079800 ms MarkObjects: 2.852800 ms  DeleteObjects: 0.017100 ms)

AssetImportParameters requested are different than current active one (requested -> active):
  custom:framework-win-MediaFoundation: 216162199b28c13a410421893ffa2e32 -> 
  custom:video-decoder-ogg-theora: a1e56fd34408186e4bbccfd4996cb3dc -> 
  custom:container-muxer-webm: aa71ff27fc2769a1b78a27578f13a17b -> 
  custom:container-demuxer-webm: 4f35f7cbe854078d1ac9338744f61a02 -> 
  custom:container-demuxer-ogg: 62fdf1f143b41e24485cea50d1cbac27 -> 
  custom:video-encoder-webm-vp8: eb34c28f22e8b96e1ab97ce403110664 -> 
  custom:video-decoder-webm-vp8: 9c59270c3fd7afecdb556c50c9e8de78 -> 
  custom:audio-decoder-ogg-vorbis: bf7c407c2cedff20999df2af8eb42d56 -> 
  custom:audio-encoder-webm-vorbis: bf7c407c2cedff20999df2af8eb42d56 -> 
AssetImportWorkerClient::OnTransportError - code=2 error=End of file
